生成启动时间为 2015/1/4 19:44:44。
     1>项目“D:\cocos2dx\Bowling\proj.win32\Bowling.vcxproj”在节点 2 上(Build 个目标)。
     1>ClCompile:
         C:\Program Files (x86)\Microsoft Visual Studio 11.0\VC\bin\CL.exe /c /I"C:\Cocos\frameworks\cocos2d-x\cocos\audio\include" /I"C:\Cocos\frameworks\cocos2d-x\external" /I"C:\Cocos\frameworks\cocos2d-x\external\chipmunk\include\chipmunk" /I"C:\Cocos\frameworks\cocos2d-x\extensions" /I..\Classes /I.. /I"C:\Cocos\frameworks\cocos2d-x\cocos\2d\..\..\cocos\editor-support" /I"C:\Cocos\frameworks\cocos2d-x\cocos\2d\..\..\cocos" /I"C:\Cocos\frameworks\cocos2d-x\cocos\2d\..\..\cocos\platform" /I"C:\Cocos\frameworks\cocos2d-x\cocos\2d\..\..\cocos\platform\desktop" /I"C:\Cocos\frameworks\cocos2d-x\cocos\2d\..\..\external\glfw3\include\win32" /I"C:\Cocos\frameworks\cocos2d-x\cocos\2d\..\..\external\win32-specific\gles\include\OGLES" /ZI /nologo /W3 /WX- /MP /Od /Oy- /D WIN32 /D _WINDOWS /D _USE_MATH_DEFINES /D GL_GLEXT_PROTOTYPES /D CC_ENABLE_CHIPMUNK_INTEGRATION=1 /D COCOS2D_DEBUG=1 /D _CRT_SECURE_NO_WARNINGS /D _SCL_SECURE_NO_WARNINGS /D _VARIADIC_MAX=10 /D _UNICODE /D UNICODE /Gm- /EHsc /RTC1 /MD /GS /fp:precise /Zc:wchar_t /Zc:forScope /Fo"Debug.win32\\" /Fd"Debug.win32\vc110.pdb" /Gd /TP /wd4267 /wd4251 /wd4244 /analyze- /errorReport:prompt ..\Classes\AppDelegate.cpp ..\Classes\HelloWorldScene.cpp
         AppDelegate.cpp
         HelloWorldScene.cpp
       PreLinkEvent:
         if not exist "D:\cocos2dx\Bowling\proj.win32\Debug.win32\" mkdir "D:\cocos2dx\Bowling\proj.win32\Debug.win32\"
         xcopy /Y /Q "C:\Cocos\frameworks\cocos2d-x\prebuilt\win32\*.*" "D:\cocos2dx\Bowling\proj.win32\Debug.win32\"
         
         :VCEnd
         复制了 45 个文件
       Link:
         C:\Program Files (x86)\Microsoft Visual Studio 11.0\VC\bin\link.exe /ERRORREPORT:PROMPT /OUT:"D:\cocos2dx\Bowling\proj.win32\Debug.win32\Bowling.exe" /INCREMENTAL /NOLOGO /LIBPATH:D:\cocos2dx\Bowling\proj.win32\Debug.win32\ /LIBPATH:D:\cocos2dx\Bowling\proj.win32\Debug.win32\ BulletCollision_vs2012.lib BulletDynamics_vs2012.lib BulletSoftBody_vs2012.lib LinearMath_vs2012.lib opengl32.lib glew32.lib libzlib.lib libpng.lib libjpeg.lib libtiff.lib libwebp.lib libiconv.lib glfw3.lib freetype250.lib winmm.lib ws2_32.lib libchipmunk.lib kernel32.lib user32.lib gdi32.lib winspool.lib comdlg32.lib advapi32.lib shell32.lib ole32.lib oleaut32.lib uuid.lib odbc32.lib odbccp32.lib /MANIFEST /MANIFESTUAC:"level='asInvoker' uiAccess='false'" /manifest:embed /DEBUG /PDB:"D:\cocos2dx\Bowling\proj.win32\Debug.win32\Bowling.pdb" /SUBSYSTEM:WINDOWS /TLBID:1 /DYNAMICBASE /NXCOMPAT /IMPLIB:"D:\cocos2dx\Bowling\proj.win32\Debug.win32\Bowling.lib" /MACHINE:X86 /SAFESEH Debug.win32\game.res
         Debug.win32\AppDelegate.obj
         Debug.win32\HelloWorldScene.obj
         Debug.win32\PhysicsWorld3D.obj
         Debug.win32\main.obj
         Bowling.vcxproj -> D:\cocos2dx\Bowling\proj.win32\Debug.win32\Bowling.exe
     1>已完成生成项目“D:\cocos2dx\Bowling\proj.win32\Bowling.vcxproj”(Build 个目标)的操作。

生成成功。

已用时间 00:00:19.90
